Warning: Failed to get NV emulation handle.
Virtual User Script started at: 5/14/2025 8:40:17 AM
Starting action vuser_init.
Web Turbo Replay of LoadRunner 2024.1.0 for Windows 2019; build 667 (Feb 07 2024 17:45:41)  	[MsgId: MMSG-26983]
Run mode: HTML  	[MsgId: MMSG-26993]
Replay user agent: Mozilla/5.0 (Windows NT 10.0; Win64; x64; rv:85.0) Gecko/20100101 Firefox/85.0  	[MsgId: MMSG-26988]
Runtime Settings file: "C:\LoadRunner\VugenScripting\AOS Browse Catalog\\default.cfg"  	[MsgId: MMSG-27141]
Warning: Failed to get NV emulation handle.
Ending action vuser_init.
Running Vuser...
Starting iteration 1.
Maximum number of concurrent connections per server: 6  	[MsgId: MMSG-26989]
Starting action Action.
Warning: Failed to get NV emulation handle.
Action.c(3): Notify: Transaction "Homepage" started.
Action.c(3): Warning: Failed to get NV emulation handle.
Action.c(5): web_url("www.advantageonlineshopping.com") started  	[MsgId: MMSG-26355]
Action.c(5): Found resource "http://lr-training:8080/css/main.min.css" in HTML "http://lr-training:8080/#/"  	[MsgId: MMSG-26659]
Action.c(5): Found resource "http://lr-training:8080/css/images/Down_arrow.svg" in HTML "http://lr-training:8080/#/"  	[MsgId: MMSG-26659]
Action.c(5): Downloading resource "http://detectportal.firefox.com/success.txt?ipv4" (specified by argument number 9)  	[MsgId: MMSG-26576]
Action.c(5): Downloading resource "http://lr-training:8080/css/fonts/roboto_regular_macroman/Roboto-Regular-webfont.woff" (specified by argument number 12)  	[MsgId: MMSG-26576]
Action.c(5): Downloading resource "http://lr-training:8080/main.min.js" (specified by argument number 15)  	[MsgId: MMSG-26576]
Action.c(5): Downloading resource "http://lr-training:8080/css/images/logo.png" (specified by argument number 17)  	[MsgId: MMSG-26576]
Action.c(5): Downloading resource "http://lr-training:8080/css/images/closeDark.png" (specified by argument number 19)  	[MsgId: MMSG-26576]
Action.c(5): Downloading resource "http://lr-training:8080/services.properties" (specified by argument number 21)  	[MsgId: MMSG-26576]
Action.c(5): Downloading resource "http://lr-training:8080/css/fonts/roboto_light_macroman/Roboto-Light-webfont.woff" (specified by argument number 23)  	[MsgId: MMSG-26576]
Action.c(5): Downloading resource "http://lr-training:8080/css/fonts/roboto_medium_macroman/Roboto-Medium-webfont.woff" (specified by argument number 26)  	[MsgId: MMSG-26576]
Action.c(5): Downloading resource "http://lr-training:8080/css/images/Special-offer.jpg" (specified by argument number 29)  	[MsgId: MMSG-26576]
Action.c(5): Downloading resource "http://lr-training:8080/css/images/GoUp.png" (specified by argument number 31)  	[MsgId: MMSG-26576]
Action.c(5): Downloading resource "http://lr-training:8080/css/images/facebook.png" (specified by argument number 33)  	[MsgId: MMSG-26576]
Action.c(5): Downloading resource "http://lr-training:8080/css/images/twitter.png" (specified by argument number 35)  	[MsgId: MMSG-26576]
Action.c(5): Downloading resource "http://lr-training:8080/css/images/linkedin.png" (specified by argument number 37)  	[MsgId: MMSG-26576]
Action.c(5): Downloading resource "http://lr-training:8080/css/fonts/roboto_bold_macroman/Roboto-Bold-webfont.woff" (specified by argument number 39)  	[MsgId: MMSG-26576]
Action.c(5): Downloading resource "http://lr-training:8080/css/fonts/roboto_thin_macroman/Roboto-Thin-webfont.woff" (specified by argument number 42)  	[MsgId: MMSG-26576]
Action.c(5): Downloading resource "http://lr-training:8080/catalog/fetchImage?image_id=speakers" (specified by argument number 45)  	[MsgId: MMSG-26576]
Action.c(5): Downloading resource "http://lr-training:8080/css/images/arrow_right.png" (specified by argument number 47)  	[MsgId: MMSG-26576]
Action.c(5): Downloading resource "http://lr-training:8080/catalog/fetchImage?image_id=tablets" (specified by argument number 50)  	[MsgId: MMSG-26576]
Action.c(5): Downloading resource "http://lr-training:8080/catalog/fetchImage?image_id=laptops" (specified by argument number 52)  	[MsgId: MMSG-26576]
Action.c(5): Downloading resource "http://lr-training:8080/catalog/fetchImage?image_id=mice" (specified by argument number 54)  	[MsgId: MMSG-26576]
Action.c(5): Downloading resource "http://lr-training:8080/catalog/fetchImage?image_id=headphones" (specified by argument number 56)  	[MsgId: MMSG-26576]
Action.c(5): Downloading resource "http://lr-training:8080/css/images/Banner1.jpg" (specified by argument number 58)  	[MsgId: MMSG-26576]
Action.c(5): Downloading resource "http://lr-training:8080/css/images/Banner2.jpg" (specified by argument number 60)  	[MsgId: MMSG-26576]
Action.c(5): Downloading resource "http://lr-training:8080/css/images/Banner3.jpg" (specified by argument number 62)  	[MsgId: MMSG-26576]
Action.c(5): Downloading resource "http://lr-training:8080/css/images/Popular-item3.jpg" (specified by argument number 64)  	[MsgId: MMSG-26576]
Action.c(5): Downloading resource "http://lr-training:8080/css/images/Popular-item2.jpg" (specified by argument number 66)  	[MsgId: MMSG-26576]
Action.c(5): Downloading resource "http://lr-training:8080/css/images/Popular-item1.jpg" (specified by argument number 68)  	[MsgId: MMSG-26576]
Action.c(5): Downloading resource "http://lr-training:8080/css/images/Filter.png" (specified by argument number 70)  	[MsgId: MMSG-26576]
Action.c(5): Downloading resource "http://lr-training:8080/catalog/fetchImage?image_id=5400" (specified by argument number 72)  	[MsgId: MMSG-26576]
Action.c(5): Downloading resource "http://lr-training:8080/catalog/fetchImage?image_id=5300" (specified by argument number 74)  	[MsgId: MMSG-26576]
Action.c(5): Downloading resource "http://lr-training:8080/catalog/fetchImage?image_id=5200" (specified by argument number 76)  	[MsgId: MMSG-26576]
Action.c(5): Downloading resource "http://lr-training:8080/catalog/fetchImage?image_id=5505" (specified by argument number 78)  	[MsgId: MMSG-26576]
Action.c(5): Downloading resource "http://lr-training:8080/catalog/fetchImage?image_id=5700" (specified by argument number 80)  	[MsgId: MMSG-26576]
Action.c(5): Downloading resource "http://lr-training:8080/catalog/fetchImage?image_id=5800" (specified by argument number 82)  	[MsgId: MMSG-26576]
Action.c(5): Downloading resource "http://lr-training:8080/catalog/fetchImage?image_id=5100" (specified by argument number 84)  	[MsgId: MMSG-26576]
Action.c(5): Downloading resource "http://lr-training:8080/catalog/fetchImage?image_id=5600" (specified by argument number 86)  	[MsgId: MMSG-26576]
Action.c(5): Downloading resource "http://lr-training:8080/catalog/fetchImage?image_id=5900" (specified by argument number 88)  	[MsgId: MMSG-26576]
Action.c(5): Downloading resource "http://lr-training:8080/css/images/category_banner_5.png" (specified by argument number 90)  	[MsgId: MMSG-26576]
Action.c(5): Downloading resource "http://lr-training:8080/catalog/fetchImage?image_id=5201" (specified by argument number 92)  	[MsgId: MMSG-26576]
Action.c(5): Found resource "http://lr-training:8080/vendor/requirejs/require.js" in HTML "http://lr-training:8080/#/"  	[MsgId: MMSG-26659]
Action.c(5): web_url("www.advantageonlineshopping.com") was successful, 3397885 body bytes, 11645 header bytes, 793 chunking overhead bytes  	[MsgId: MMSG-26385]
Action.c(56): web_set_sockets_option started  	[MsgId: MMSG-26355]
Action.c(56): web_set_sockets_option was successful  	[MsgId: MMSG-26392]
Action.c(58): web_add_cookie started  	[MsgId: MMSG-26355]
Action.c(58): web_add_cookie was successful  	[MsgId: MMSG-26392]
Action.c(60): web_url("ALL") started  	[MsgId: MMSG-26355]
Action.c(60): Retrieving data from cache for "http://lr-training:8080/#/catalog/api/v1/DemoAppConfig/parameters/by_tool/ALL"  	[MsgId: MMSG-26557]
Action.c(60): web_url("ALL") was successful, 0 body bytes, 85 header bytes  	[MsgId: MMSG-26386]
Action.c(69): web_add_header("Origin") started  	[MsgId: MMSG-26355]
Action.c(69): web_add_header("Origin") was successful  	[MsgId: MMSG-26392]
Action.c(72): web_add_header("SOAPAction") started  	[MsgId: MMSG-26355]
Action.c(72): web_add_header("SOAPAction") was successful  	[MsgId: MMSG-26392]
Action.c(75): web_add_header("X-Requested-With") started  	[MsgId: MMSG-26355]
Action.c(75): web_add_header("X-Requested-With") was successful  	[MsgId: MMSG-26392]
Action.c(78): web_custom_request("GetAccountConfigurationRequest") started  	[MsgId: MMSG-26355]
Action.c(78): web_custom_request("GetAccountConfigurationRequest") was successful, 10827 body bytes, 267 header bytes  	[MsgId: MMSG-26386]
Action.c(90): web_url("categories") started  	[MsgId: MMSG-26355]
Action.c(90): Retrieving data from cache for "http://lr-training:8080/#/catalog/api/v1/categories"  	[MsgId: MMSG-26557]
Action.c(90): web_url("categories") was successful, 0 body bytes, 85 header bytes  	[MsgId: MMSG-26386]
Action.c(99): web_url("search") started  	[MsgId: MMSG-26355]
Action.c(99): Retrieving data from cache for "http://lr-training:8080/#/catalog/api/v1/deals/search?dealOfTheDay=true"  	[MsgId: MMSG-26557]
Action.c(99): web_url("search") was successful, 0 body bytes, 85 header bytes  	[MsgId: MMSG-26386]
Action.c(108): web_url("popularProducts.json") started  	[MsgId: MMSG-26355]
Action.c(108): Retrieving data from cache for "http://lr-training:8080/#/app/tempFiles/popularProducts.json"  	[MsgId: MMSG-26557]
Action.c(108): web_url("popularProducts.json") was successful, 0 body bytes, 85 header bytes  	[MsgId: MMSG-26386]
Action.c(117): web_url("home-page.html") started  	[MsgId: MMSG-26355]
Action.c(117): Retrieving data from cache for "http://lr-training:8080/#/app/views/home-page.html"  	[MsgId: MMSG-26557]
Action.c(117): Resource "http://lr-training:8080/css/main.min.css" is in the cache already and will not be downloaded again  	[MsgId: MMSG-26655]
Action.c(117): Resource "http://lr-training:8080/css/images/Down_arrow.svg" is in the cache already and will not be downloaded again  	[MsgId: MMSG-26655]
Action.c(117): Resource "http://lr-training:8080/vendor/requirejs/require.js" is in the cache already and will not be downloaded again  	[MsgId: MMSG-26655]
Action.c(117): Downloading resource "http://detectportal.firefox.com/success.txt" (specified by argument number 9)  	[MsgId: MMSG-26576]
Action.c(117): Downloading resource "http://detectportal.firefox.com/success.txt?ipv4" (specified by argument number 12)  	[MsgId: MMSG-26576]
Action.c(117): web_url("home-page.html") was successful, 16 body bytes, 501 header bytes  	[MsgId: MMSG-26386]
Action.c(129): Notify: Transaction "Homepage" ended with a "Pass" status (Duration: 1.7950 Wasted Time: 0.4455).
Action.c(133): Notify: Transaction "Search for Item" started.
Action.c(133): Warning: Failed to get NV emulation handle.
Action.c(135): web_url("products") started  	[MsgId: MMSG-26355]
Action.c(135): Retrieving data from cache for "http://lr-training:8080/#/catalog/api/v1/categories/5/products"  	[MsgId: MMSG-26557]
Action.c(135): web_url("products") was successful, 0 body bytes, 85 header bytes  	[MsgId: MMSG-26386]
Action.c(144): web_url("attributes") started  	[MsgId: MMSG-26355]
Action.c(144): Retrieving data from cache for "http://lr-training:8080/#/catalog/api/v1/categories/attributes"  	[MsgId: MMSG-26557]
Action.c(144): web_url("attributes") was successful, 0 body bytes, 85 header bytes  	[MsgId: MMSG-26386]
Action.c(154): web_url("category-page.html") started  	[MsgId: MMSG-26355]
Action.c(154): Retrieving data from cache for "http://lr-training:8080/#/app/views/category-page.html"  	[MsgId: MMSG-26557]
Action.c(154): Resource "http://lr-training:8080/css/main.min.css" is in the cache already and will not be downloaded again  	[MsgId: MMSG-26655]
Action.c(154): Resource "http://lr-training:8080/css/images/Down_arrow.svg" is in the cache already and will not be downloaded again  	[MsgId: MMSG-26655]
Action.c(154): Resource "http://lr-training:8080/vendor/requirejs/require.js" is in the cache already and will not be downloaded again  	[MsgId: MMSG-26655]
Action.c(154): Downloading resource "http://detectportal.firefox.com/success.txt" (specified by argument number 9)  	[MsgId: MMSG-26576]
Action.c(154): Downloading resource "http://detectportal.firefox.com/success.txt?ipv4" (specified by argument number 12)  	[MsgId: MMSG-26576]
Action.c(154): web_url("category-page.html") was successful, 16 body bytes, 501 header bytes  	[MsgId: MMSG-26386]
Action.c(170): web_url("27") started  	[MsgId: MMSG-26355]
Action.c(170): Retrieving data from cache for "http://lr-training:8080/#/catalog/api/v1/products/27"  	[MsgId: MMSG-26557]
Action.c(170): web_url("27") was successful, 0 body bytes, 85 header bytes  	[MsgId: MMSG-26386]
Action.c(179): web_url("all_data") started  	[MsgId: MMSG-26355]
Action.c(179): Retrieving data from cache for "http://lr-training:8080/#/catalog/api/v1/categories/all_data"  	[MsgId: MMSG-26557]
Action.c(179): web_url("all_data") was successful, 0 body bytes, 85 header bytes  	[MsgId: MMSG-26386]
Action.c(188): web_url("products_2") started  	[MsgId: MMSG-26355]
Action.c(188): Retrieving data from cache for "http://lr-training:8080/#/catalog/api/v1/categories/5/products"  	[MsgId: MMSG-26557]
Action.c(188): web_url("products_2") was successful, 0 body bytes, 85 header bytes  	[MsgId: MMSG-26386]
Action.c(197): web_url("product-page.html") started  	[MsgId: MMSG-26355]
Action.c(197): Retrieving data from cache for "http://lr-training:8080/#/app/views/product-page.html"  	[MsgId: MMSG-26557]
Action.c(197): Resource "http://lr-training:8080/css/main.min.css" is in the cache already and will not be downloaded again  	[MsgId: MMSG-26655]
Action.c(197): Resource "http://lr-training:8080/css/images/Down_arrow.svg" is in the cache already and will not be downloaded again  	[MsgId: MMSG-26655]
Action.c(197): Resource "http://lr-training:8080/vendor/requirejs/require.js" is in the cache already and will not be downloaded again  	[MsgId: MMSG-26655]
Action.c(197): Downloading resource "http://detectportal.firefox.com/success.txt" (specified by argument number 9)  	[MsgId: MMSG-26576]
Action.c(197): Downloading resource "http://detectportal.firefox.com/success.txt?ipv4" (specified by argument number 12)  	[MsgId: MMSG-26576]
Action.c(197): web_url("product-page.html") was successful, 16 body bytes, 501 header bytes  	[MsgId: MMSG-26386]
Action.c(209): Notify: Transaction "Search for Item" ended with a "Pass" status (Duration: 0.3978 Wasted Time: 0.0395).
Action.c(211): Notify: Transaction "Select Item" started.
Action.c(211): Warning: Failed to get NV emulation handle.
Action.c(213): web_add_cookie started  	[MsgId: MMSG-26355]
Action.c(213): web_add_cookie was successful  	[MsgId: MMSG-26392]
Action.c(215): web_url("user-not-login-page.html") started  	[MsgId: MMSG-26355]
Action.c(215): Retrieving data from cache for "http://lr-training:8080/#/app/order/views/user-not-login-page.html"  	[MsgId: MMSG-26557]
Action.c(215): Resource "http://lr-training:8080/css/main.min.css" is in the cache already and will not be downloaded again  	[MsgId: MMSG-26655]
Action.c(215): Resource "http://lr-training:8080/css/images/Down_arrow.svg" is in the cache already and will not be downloaded again  	[MsgId: MMSG-26655]
Action.c(215): Resource "http://lr-training:8080/vendor/requirejs/require.js" is in the cache already and will not be downloaded again  	[MsgId: MMSG-26655]
Action.c(215): web_url("user-not-login-page.html") was successful, 0 body bytes, 85 header bytes  	[MsgId: MMSG-26386]
Action.c(224): Notify: Transaction "Select Item" ended with a "Pass" status (Duration: 0.0489 Wasted Time: 0.0063).
Ending action Action.
Ending iteration 1.
Ending Vuser...
Starting action vuser_end.
Warning: Failed to get NV emulation handle.
Ending action vuser_end.
Vuser Terminated.
