Warning: Failed to get NV emulation handle.
Virtual User Script started at: 5/14/2025 8:43:33 AM
Starting action vuser_init.
Web Turbo Replay of LoadRunner 2024.1.0 for Windows 2019; build 667 (Feb 07 2024 17:45:41)  	[MsgId: MMSG-26983]
Run mode: HTML  	[MsgId: MMSG-26993]
Replay user agent: Mozilla/5.0 (Windows NT 6.1; WOW64) AppleWebKit/537.36 (KHTML, like Gecko) Chrome/51.0.2704.103 Safari/537.36  	[MsgId: MMSG-26988]
Runtime Settings file: "C:\LoadRunner\VugenScripting\AOS- Laptops\\default.cfg"  	[MsgId: MMSG-27141]
Warning: Failed to get NV emulation handle.
Ending action vuser_init.
Running Vuser...
Starting iteration 1.
Maximum number of concurrent connections per server: 6  	[MsgId: MMSG-26989]
Starting action Action.
Warning: Failed to get NV emulation handle.
Action.c(4): web_add_cookie started  	[MsgId: MMSG-26355]
Action.c(4): web_add_cookie was successful  	[MsgId: MMSG-26392]
Action.c(6): web_url("advantageonlineshopping.com") started  	[MsgId: MMSG-26355]
Action.c(6): Found resource "http://lr-training:8080/css/main.min.css" in HTML "http://lr-training:8080/#/"  	[MsgId: MMSG-26659]
Action.c(6): Found resource "http://lr-training:8080/css/images/Down_arrow.svg" in HTML "http://lr-training:8080/#/"  	[MsgId: MMSG-26659]
Action.c(6): Downloading resource "http://lr-training:8080/main.min.js" (specified by argument number 9)  	[MsgId: MMSG-26576]
Action.c(6): Downloading resource "http://lr-training:8080/services.properties" (specified by argument number 11)  	[MsgId: MMSG-26576]
Action.c(6): Downloading resource "http://lr-training:8080/css/fonts/roboto_regular_macroman/Roboto-Regular-webfont.woff" (specified by argument number 13)  	[MsgId: MMSG-26576]
Action.c(6): Downloading resource "http://lr-training:8080/css/fonts/roboto_medium_macroman/Roboto-Medium-webfont.woff" (specified by argument number 16)  	[MsgId: MMSG-26576]
Action.c(6): Downloading resource "http://lr-training:8080/css/fonts/roboto_light_macroman/Roboto-Light-webfont.woff" (specified by argument number 19)  	[MsgId: MMSG-26576]
Action.c(6): Downloading resource "http://lr-training:8080/css/images/logo.png" (specified by argument number 22)  	[MsgId: MMSG-26576]
Action.c(6): Downloading resource "http://lr-training:8080/css/images/closeDark.png" (specified by argument number 24)  	[MsgId: MMSG-26576]
Action.c(6): Downloading resource "http://lr-training:8080/app/tempFiles/popularProducts.json" (specified by argument number 32)  	[MsgId: MMSG-26576]
Action.c(6): Downloading resource "http://lr-training:8080/css/images/arrow_right.png" (specified by argument number 34)  	[MsgId: MMSG-26576]
Action.c(6): Downloading resource "http://lr-training:8080/css/fonts/roboto_bold_macroman/Roboto-Bold-webfont.woff" (specified by argument number 37)  	[MsgId: MMSG-26576]
Action.c(6): Downloading resource "http://lr-training:8080/css/fonts/roboto_thin_macroman/Roboto-Thin-webfont.woff" (specified by argument number 40)  	[MsgId: MMSG-26576]
Action.c(6): Downloading resource "http://lr-training:8080/catalog/fetchImage?image_id=1234" (specified by argument number 43)  	[MsgId: MMSG-26576]
Action.c(6): Downloading resource "http://lr-training:8080/catalog/fetchImage?image_id=1238" (specified by argument number 45)  	[MsgId: MMSG-26576]
Action.c(6): Downloading resource "http://lr-training:8080/catalog/fetchImage?image_id=1235" (specified by argument number 47)  	[MsgId: MMSG-26576]
Action.c(6): Downloading resource "http://lr-training:8080/catalog/fetchImage?image_id=1236" (specified by argument number 49)  	[MsgId: MMSG-26576]
Action.c(6): Downloading resource "http://lr-training:8080/catalog/fetchImage?image_id=1237" (specified by argument number 51)  	[MsgId: MMSG-26576]
Action.c(6): Downloading resource "http://lr-training:8080/css/images/Special-offer.jpg" (specified by argument number 53)  	[MsgId: MMSG-26576]
Action.c(6): Downloading resource "http://lr-training:8080/css/images/facebook.png" (specified by argument number 55)  	[MsgId: MMSG-26576]
Action.c(6): Downloading resource "http://lr-training:8080/css/images/GoUp.png" (specified by argument number 57)  	[MsgId: MMSG-26576]
Action.c(6): Downloading resource "http://lr-training:8080/css/images/linkedin.png" (specified by argument number 59)  	[MsgId: MMSG-26576]
Action.c(6): Downloading resource "http://lr-training:8080/css/images/twitter.png" (specified by argument number 61)  	[MsgId: MMSG-26576]
Action.c(6): Downloading resource "http://lr-training:8080/css/images/Banner1.jpg" (specified by argument number 63)  	[MsgId: MMSG-26576]
Action.c(6): Downloading resource "http://lr-training:8080/css/images/Banner2.jpg" (specified by argument number 65)  	[MsgId: MMSG-26576]
Action.c(6): Downloading resource "http://lr-training:8080/css/images/Banner3.jpg" (specified by argument number 67)  	[MsgId: MMSG-26576]
Action.c(6): Downloading resource "http://lr-training:8080/css/images/Popular-item3.jpg" (specified by argument number 69)  	[MsgId: MMSG-26576]
Action.c(6): Downloading resource "http://lr-training:8080/css/images/Popular-item2.jpg" (specified by argument number 71)  	[MsgId: MMSG-26576]
Action.c(6): Downloading resource "http://lr-training:8080/css/images/Popular-item1.jpg" (specified by argument number 73)  	[MsgId: MMSG-26576]
Action.c(6): Downloading resource "http://lr-training:8080/css/images/category_banner_1.png" (specified by argument number 79)  	[MsgId: MMSG-26576]
Action.c(6): Downloading resource "http://lr-training:8080/css/images/Filter.png" (specified by argument number 81)  	[MsgId: MMSG-26576]
Action.c(6): Downloading resource "http://lr-training:8080/catalog/fetchImage?image_id=1400" (specified by argument number 83)  	[MsgId: MMSG-26576]
Action.c(6): Downloading resource "http://lr-training:8080/catalog/fetchImage?image_id=1300" (specified by argument number 85)  	[MsgId: MMSG-26576]
Action.c(6): Downloading resource "http://lr-training:8080/catalog/fetchImage?image_id=1245" (specified by argument number 87)  	[MsgId: MMSG-26576]
Action.c(6): Downloading resource "http://lr-training:8080/catalog/fetchImage?image_id=1100" (specified by argument number 89)  	[MsgId: MMSG-26576]
Action.c(6): Downloading resource "http://lr-training:8080/catalog/fetchImage?image_id=1600" (specified by argument number 91)  	[MsgId: MMSG-26576]
Action.c(6): Downloading resource "http://lr-training:8080/catalog/fetchImage?image_id=1700" (specified by argument number 93)  	[MsgId: MMSG-26576]
Action.c(6): Downloading resource "http://lr-training:8080/catalog/fetchImage?image_id=1800" (specified by argument number 95)  	[MsgId: MMSG-26576]
Action.c(6): Downloading resource "http://lr-training:8080/catalog/fetchImage?image_id=11100" (specified by argument number 97)  	[MsgId: MMSG-26576]
Action.c(6): Downloading resource "http://lr-training:8080/catalog/fetchImage?image_id=1250" (specified by argument number 99)  	[MsgId: MMSG-26576]
Action.c(6): Downloading resource "http://lr-training:8080/catalog/fetchImage?image_id=1249" (specified by argument number 101)  	[MsgId: MMSG-26576]
Action.c(6): Downloading resource "http://lr-training:8080/catalog/fetchImage?image_id=1200" (specified by argument number 103)  	[MsgId: MMSG-26576]
Action.c(6): Downloading resource "http://lr-training:8080/catalog/fetchImage?image_id=1502" (specified by argument number 107)  	[MsgId: MMSG-26576]
Action.c(6): Downloading resource "http://lr-training:8080/catalog/fetchImage?image_id=1501" (specified by argument number 109)  	[MsgId: MMSG-26576]
Action.c(6): Found resource "http://lr-training:8080/vendor/requirejs/require.js" in HTML "http://lr-training:8080/#/"  	[MsgId: MMSG-26659]
Action.c(6): Warning -26611: HTTP Status-Code=500 (Internal Server Error) for "http://lr-training:8080/catalog/fetchImage?image_id=1234"  	[MsgId: MWAR-26611]
Action.c(6): Warning -26611: HTTP Status-Code=500 (Internal Server Error) for "http://lr-training:8080/catalog/fetchImage?image_id=1238"  	[MsgId: MWAR-26611]
Action.c(6): Warning -26611: HTTP Status-Code=500 (Internal Server Error) for "http://lr-training:8080/catalog/fetchImage?image_id=1235"  	[MsgId: MWAR-26611]
Action.c(6): Warning -26611: HTTP Status-Code=500 (Internal Server Error) for "http://lr-training:8080/catalog/fetchImage?image_id=1237"  	[MsgId: MWAR-26611]
Action.c(6): Warning -26611: HTTP Status-Code=500 (Internal Server Error) for "http://lr-training:8080/catalog/fetchImage?image_id=1236"  	[MsgId: MWAR-26611]
Action.c(6): web_url("advantageonlineshopping.com") highest severity level was "warning", 3128476 body bytes, 11824 header bytes, 689 chunking overhead bytes  	[MsgId: MMSG-26387]
Action.c(64): web_set_sockets_option started  	[MsgId: MMSG-26355]
Action.c(64): web_set_sockets_option was successful  	[MsgId: MMSG-26392]
Action.c(66): web_url("seed") started  	[MsgId: MMSG-26355]
Action.c(66): HTML parsing not performed for Content-Type "application/octet-stream" ("ParseHtmlContentType" Runtime Setting is "TEXT"). URL="https://clients4.google.com/chrome-variations/seed?osname=win"  	[MsgId: MMSG-26547]
Action.c(66): Downloading resource "https://translate.googleapis.com/translate_a/l?client=chrome&hl=en&key=AIzaSyBOti4mM-6x9WDnZIjIeyEU21OpBXqWBgw&alpha=1" (specified by argument number 8)  	[MsgId: MMSG-26576]
Action.c(66): web_url("seed") was successful, 2230250 body bytes, 2107 header bytes  	[MsgId: MMSG-26386]
Action.c(76): web_url("accountservice.wsdl") started  	[MsgId: MMSG-26355]
Action.c(76): Retrieving data from cache for "http://lr-training:8080/#//accountservice/accountservice.wsdl"  	[MsgId: MMSG-26557]
Action.c(76): web_url("accountservice.wsdl") was successful, 0 body bytes, 85 header bytes  	[MsgId: MMSG-26386]
Action.c(85): web_custom_request("accountservice") started  	[MsgId: MMSG-26355]
Action.c(85): web_custom_request("accountservice") was successful, 0 body bytes, 181 header bytes, 5 chunking overhead bytes  	[MsgId: MMSG-26385]
Action.c(94): web_custom_request("accountservice_2") started  	[MsgId: MMSG-26355]
Action.c(94): web_custom_request("accountservice_2") was successful, 10827 body bytes, 267 header bytes  	[MsgId: MMSG-26386]
Action.c(106): web_url("home-page.html") started  	[MsgId: MMSG-26355]
Action.c(106): Retrieving data from cache for "http://lr-training:8080/#/app/views/home-page.html"  	[MsgId: MMSG-26557]
Action.c(106): Resource "http://lr-training:8080/css/main.min.css" is in the cache already and will not be downloaded again  	[MsgId: MMSG-26655]
Action.c(106): Resource "http://lr-training:8080/css/images/Down_arrow.svg" is in the cache already and will not be downloaded again  	[MsgId: MMSG-26655]
Action.c(106): Resource "http://lr-training:8080/vendor/requirejs/require.js" is in the cache already and will not be downloaded again  	[MsgId: MMSG-26655]
Action.c(106): Downloading resource "https://ssl.gstatic.com/safebrowsing/csd/client_model_v5_ext_variation_0.pb" (specified by argument number 9)  	[MsgId: MMSG-26576]
Action.c(106): Downloading resource "https://ssl.gstatic.com/safebrowsing/csd/client_model_v5_variation_0.pb" (specified by argument number 12)  	[MsgId: MMSG-26576]
Action.c(106): web_url("home-page.html") was successful, 138194 body bytes, 1529 header bytes  	[MsgId: MMSG-26386]
Action.c(118): Notify: Transaction "Shop for Laptop" started.
Action.c(118): Warning: Failed to get NV emulation handle.
Action.c(120): web_url("category-page.html") started  	[MsgId: MMSG-26355]
Action.c(120): Retrieving data from cache for "http://lr-training:8080/#/app/views/category-page.html"  	[MsgId: MMSG-26557]
Action.c(120): Resource "http://lr-training:8080/css/main.min.css" is in the cache already and will not be downloaded again  	[MsgId: MMSG-26655]
Action.c(120): Resource "http://lr-training:8080/css/images/Down_arrow.svg" is in the cache already and will not be downloaded again  	[MsgId: MMSG-26655]
Action.c(120): Resource "http://lr-training:8080/vendor/requirejs/require.js" is in the cache already and will not be downloaded again  	[MsgId: MMSG-26655]
Action.c(120): web_url("category-page.html") was successful, 0 body bytes, 85 header bytes  	[MsgId: MMSG-26386]
Action.c(129): web_url("product-page.html") started  	[MsgId: MMSG-26355]
Action.c(129): Retrieving data from cache for "http://lr-training:8080/#/app/views/product-page.html"  	[MsgId: MMSG-26557]
Action.c(129): Resource "http://lr-training:8080/css/main.min.css" is in the cache already and will not be downloaded again  	[MsgId: MMSG-26655]
Action.c(129): Resource "http://lr-training:8080/css/images/Down_arrow.svg" is in the cache already and will not be downloaded again  	[MsgId: MMSG-26655]
Action.c(129): Resource "http://lr-training:8080/vendor/requirejs/require.js" is in the cache already and will not be downloaded again  	[MsgId: MMSG-26655]
Action.c(129): web_url("product-page.html") was successful, 0 body bytes, 85 header bytes  	[MsgId: MMSG-26386]
Action.c(138): web_add_cookie started  	[MsgId: MMSG-26355]
Action.c(138): web_add_cookie was successful  	[MsgId: MMSG-26392]
Action.c(142): web_url("user-not-login-page.html") started  	[MsgId: MMSG-26355]
Action.c(142): Retrieving data from cache for "http://lr-training:8080/#/app/order/views/user-not-login-page.html"  	[MsgId: MMSG-26557]
Action.c(142): Resource "http://lr-training:8080/css/main.min.css" is in the cache already and will not be downloaded again  	[MsgId: MMSG-26655]
Action.c(142): Resource "http://lr-training:8080/css/images/Down_arrow.svg" is in the cache already and will not be downloaded again  	[MsgId: MMSG-26655]
Action.c(142): Resource "http://lr-training:8080/vendor/requirejs/require.js" is in the cache already and will not be downloaded again  	[MsgId: MMSG-26655]
Action.c(142): web_url("user-not-login-page.html") was successful, 0 body bytes, 85 header bytes  	[MsgId: MMSG-26386]
Action.c(151): Notify: Transaction "Shop for Laptop" ended with a "Pass" status (Duration: 0.3270 Wasted Time: 0.0160).
Ending action Action.
Ending iteration 1.
Ending Vuser...
Starting action vuser_end.
Warning: Failed to get NV emulation handle.
Ending action vuser_end.
Vuser Terminated.
